<?xml version="1.0" encoding="UTF-8"?>
<testsuite xmlns:xsi="http://www.w3.org/2001/XMLSchema-instance" xsi:noNamespaceSchemaLocation="https://maven.apache.org/surefire/maven-surefire-plugin/xsd/surefire-test-report-3.0.xsd" version="3.0" name="com.itheima.test.DemoTest" time="0.071" tests="1" errors="0" skipped="0" failures="0">
  <properties>
[...]
</properties>
  <testcase name="test1" classname="com.itheima.test.DemoTest" time="0.008">
    <system-out><![CDATA[20:00:17.965 [main] INFO com.itheima.test.DemoTest - test1 ... running ...
]]></system-out>
  </testcase>
</testsuite>